ak.png PNG 570x500 570x500+0+0 8-bit DirectClass 62.4KB 0.000u 0:00.000
ak.png=>trimmed/ak.png PNG 570x500=>87x112 570x500+82+295 8-bit DirectClass 0.020u 0:00.010
al.png PNG 570x500 570x500+0+0 8-bit DirectClass 62.8KB 0.000u 0:00.019
al.png=>trimmed/al.png PNG 570x500=>39x66 570x500+382+232 8-bit DirectClass 0.160u 0:00.019
ar.png PNG 570x500 570x500+0+0 8-bit DirectClass 63KB 0.000u 0:00.010
ar.png=>trimmed/ar.png PNG 570x500=>50x47 570x500+310+218 8-bit DirectClass 0.230u 0:00.040
az.png PNG 570x500 570x500+0+0 8-bit DirectClass 64.3KB 0.000u 0:00.009
az.png=>trimmed/az.png PNG 570x500=>71x84 570x500+80+194 8-bit DirectClass 0.170u 0:00.030
ca.png PNG 570x500 570x500+0+0 8-bit DirectClass 64.6KB 0.000u 0:00.009
ca.png=>trimmed/ca.png PNG 570x500=>83x149 570x500+7+99 8-bit DirectClass 4.1KB 0.060u 0:00.009
co.png PNG 570x500 570x500+0+0 8-bit DirectClass 63.7KB 0.000u 0:00.010
co.png=>trimmed/co.png PNG 570x500=>77x59 570x500+153+150 8-bit DirectClass 0.030u 0:00.000
ct.png PNG 570x500 570x500+0+0 8-bit DirectClass 58.8KB 0.000u 0:00.020
ct.png=>trimmed/ct.png PNG 570x500=>141x277 570x500+393+107 8-bit DirectClass 12.3KB 0.210u 0:00.029
de.png PNG 570x500 570x500+0+0 8-bit DirectClass 56.4KB 0.000u 0:00.000
de.png=>trimmed/de.png PNG 570x500=>146x320 570x500+367+155 8-bit DirectClass 12.3KB 0.180u 0:00.020
fl.png PNG 570x500 570x500+0+0 8-bit DirectClass 61.6KB 0.000u 0:00.010
fl.png=>trimmed/fl.png PNG 570x500=>96x71 570x500+394+282 8-bit DirectClass 0.030u 0:00.009
ga.png PNG 570x500 570x500+0+0 8-bit DirectClass 61.6KB 0.000u 0:00.010
ga.png=>trimmed/ga.png PNG 570x500=>56x57 570x500+410+229 8-bit DirectClass 0.020u 0:00.000
hi.png PNG 570x500 570x500+0+0 8-bit DirectClass 62.3KB 0.000u 0:00.019
hi.png=>trimmed/hi.png PNG 570x500=>15x22 570x500+271+417 8-bit DirectClass 0.030u 0:00.000
ia.png PNG 570x500 570x500+0+0 8-bit DirectClass 63.1KB 0.010u 0:00.010
ia.png=>trimmed/ia.png PNG 570x500=>62x40 570x500+289+123 8-bit DirectClass 0.030u 0:00.009
id.png PNG 570x500 570x500+0+0 8-bit DirectClass 63.9KB 0.010u 0:00.010
id.png=>trimmed/id.png PNG 570x500=>62x104 570x500+85+27 8-bit DirectClass 0.020u 0:00.010
il.png PNG 570x500 570x500+0+0 8-bit DirectClass 62.6KB 0.000u 0:00.009
il.png=>trimmed/il.png PNG 570x500=>41x73 570x500+341+134 8-bit DirectClass 0.030u 0:00.000
in.png PNG 570x500 570x500+0+0 8-bit DirectClass 62.5KB 0.000u 0:00.009
in.png=>trimmed/in.png PNG 570x500=>30x53 570x500+380+141 8-bit DirectClass 0.010u 0:00.000
ks.png PNG 570x500 570x500+0+0 8-bit DirectClass 63.6KB 0.000u 0:00.009
ks.png=>trimmed/ks.png PNG 570x500=>77x41 570x500+230+170 8-bit DirectClass 0.090u 0:00.009
ky.png PNG 570x500 570x500+0+0 8-bit DirectClass 62.7KB 0.000u 0:00.010
ky.png=>trimmed/ky.png PNG 570x500=>74x39 570x500+368+175 8-bit DirectClass 0.030u 0:00.009
la.png PNG 570x500 570x500+0+0 8-bit DirectClass 62.9KB 0.010u 0:00.019
la.png=>trimmed/la.png PNG 570x500=>59x51 570x500+318+266 8-bit DirectClass 0.030u 0:00.010
ma.png PNG 570x500 570x500+0+0 8-bit DirectClass 59.2KB 0.000u 0:00.009
ma.png=>trimmed/ma.png PNG 570x500=>159x256 570x500+392+94 8-bit DirectClass 12.3KB 0.360u 0:00.050
md.png PNG 570x500 570x500+0+0 8-bit DirectClass 56.7KB 0.000u 0:00.000
md.png=>trimmed/md.png PNG 570x500=>180x329 570x500+332+148 8-bit DirectClass 16.4KB 0.270u 0:00.029
me.png PNG 570x500 570x500+0+0 8-bit DirectClass 60.6KB 0.000u 0:00.000
me.png=>trimmed/me.png PNG 570x500=>36x59 570x500+528+27 8-bit DirectClass 0.020u 0:00.010
mi.png PNG 570x500 570x500+0+0 8-bit DirectClass 62.5KB 0.000u 0:00.010
mi.png=>trimmed/mi.png PNG 570x500=>78x72 570x500+348+69 8-bit DirectClass 0.030u 0:00.000
mn.png PNG 570x500 570x500+0+0 8-bit DirectClass 63.1KB 0.000u 0:00.010
mn.png=>trimmed/mn.png PNG 570x500=>63x73 570x500+283+50 8-bit DirectClass 0.080u 0:00.010
mo.png PNG 570x500 570x500+0+0 8-bit DirectClass 63KB 0.010u 0:00.009
mo.png=>trimmed/mo.png PNG 570x500=>71x59 570x500+296+164 8-bit DirectClass 0.120u 0:00.010
ms.png PNG 570x500 570x500+0+0 8-bit DirectClass 62.8KB 0.000u 0:00.009
ms.png=>trimmed/ms.png PNG 570x500=>36x66 570x500+347+236 8-bit DirectClass 0.040u 0:00.010
mt.png PNG 570x500 570x500+0+0 8-bit DirectClass 63.9KB 0.010u 0:00.019
mt.png=>trimmed/mt.png PNG 570x500=>106x71 570x500+113+29 8-bit DirectClass 0.040u 0:00.000
nc.png PNG 570x500 570x500+0+0 8-bit DirectClass 61KB 0.010u 0:00.010
nc.png=>trimmed/nc.png PNG 570x500=>91x40 570x500+424+191 8-bit DirectClass 0.160u 0:00.019
nd.png PNG 570x500 570x500+0+0 8-bit DirectClass 63.7KB 0.000u 0:00.009
nd.png=>trimmed/nd.png PNG 570x500=>68x43 570x500+218+47 8-bit DirectClass 0.160u 0:00.030
ne.png PNG 570x500 570x500+0+0 8-bit DirectClass 63.6KB 0.000u 0:00.009
ne.png=>trimmed/ne.png PNG 570x500=>86x42 570x500+212+129 8-bit DirectClass 0.030u 0:00.000
nh.png PNG 570x500 570x500+0+0 8-bit DirectClass 60.4KB 0.000u 0:00.010
nh.png=>trimmed/nh.png PNG 570x500=>132x262 570x500+406+62 8-bit DirectClass 12.3KB 0.120u 0:00.019
nj.png PNG 570x500 570x500+0+0 8-bit DirectClass 58.5KB 0.000u 0:00.009
nj.png=>trimmed/nj.png PNG 570x500=>152x330 570x500+365+124 8-bit DirectClass 16.4KB 0.180u 0:00.019
nm.png PNG 570x500 570x500+0+0 8-bit DirectClass 64.2KB 0.000u 0:00.009
nm.png=>trimmed/nm.png PNG 570x500=>73x75 570x500+144+204 8-bit DirectClass 0.030u 0:00.010
nv.png PNG 570x500 570x500+0+0 8-bit DirectClass 64.4KB 0.010u 0:00.009
nv.png=>trimmed/nv.png PNG 570x500=>68x103 570x500+44+113 8-bit DirectClass 0.030u 0:00.000
ny.png PNG 570x500 570x500+0+0 8-bit DirectClass 56.2KB 0.000u 0:00.009
ny.png=>trimmed/ny.png PNG 570x500=>204x324 570x500+322+72 8-bit DirectClass 20.5KB 0.210u 0:00.019
oh.png PNG 570x500 570x500+0+0 8-bit DirectClass 62.5KB 0.000u 0:00.009
oh.png=>trimmed/oh.png PNG 570x500=>44x48 570x500+407+131 8-bit DirectClass 0.030u 0:00.000
ok.png PNG 570x500 570x500+0+0 8-bit DirectClass 64KB 0.000u 0:00.010
ok.png=>trimmed/ok.png PNG 570x500=>92x45 570x500+219+211 8-bit DirectClass 0.030u 0:00.009
or.png PNG 570x500 570x500+0+0 8-bit DirectClass 64.6KB 0.010u 0:00.010
or.png=>trimmed/or.png PNG 570x500=>84x73 570x500+15+45 8-bit DirectClass 0.050u 0:00.000
pa.png PNG 570x500 570x500+0+0 8-bit DirectClass 57.3KB 0.000u 0:00.010
pa.png=>trimmed/pa.png PNG 570x500=>190x326 570x500+318+118 8-bit DirectClass 20.5KB 0.220u 0:00.029
ri.png PNG 570x500 570x500+0+0 8-bit DirectClass 58.7KB 0.000u 0:00.000
ri.png=>trimmed/ri.png PNG 570x500=>106x255 570x500+432+106 8-bit DirectClass 8.19KB 0.140u 0:00.019
sc.png PNG 570x500 570x500+0+0 8-bit DirectClass 61.3KB 0.010u 0:00.009
sc.png=>trimmed/sc.png PNG 570x500=>51x39 570x500+437+222 8-bit DirectClass 0.010u 0:00.000
sd.png PNG 570x500 570x500+0+0 8-bit DirectClass 63.6KB 0.000u 0:00.009
sd.png=>trimmed/sd.png PNG 570x500=>73x46 570x500+214+89 8-bit DirectClass 0.000u 0:00.000
tn.png PNG 570x500 570x500+0+0 8-bit DirectClass 62.7KB 0.000u 0:00.010
tn.png=>trimmed/tn.png PNG 570x500=>89x31 570x500+360+204 8-bit DirectClass 0.100u 0:00.019
tx.png PNG 570x500 570x500+0+0 8-bit DirectClass 64KB 0.000u 0:00.010
tx.png=>trimmed/tx.png PNG 570x500=>151x145 570x500+172+217 8-bit DirectClass 4.1KB 0.150u 0:00.019
ut.png PNG 570x500 570x500+0+0 8-bit DirectClass 63.7KB 0.010u 0:00.010
ut.png=>trimmed/ut.png PNG 570x500=>59x75 570x500+100+127 8-bit DirectClass 0.030u 0:00.010
va.png PNG 570x500 570x500+0+0 8-bit DirectClass 61KB 0.000u 0:00.009
va.png=>trimmed/va.png PNG 570x500=>75x44 570x500+434+160 8-bit DirectClass 0.090u 0:00.009
vt.png PNG 570x500 570x500+0+0 8-bit DirectClass 60.3KB 0.000u 0:00.010
vt.png=>trimmed/vt.png PNG 570x500=>137x259 570x500+386+68 8-bit DirectClass 12.3KB 0.160u 0:00.020
wa.png PNG 570x500 570x500+0+0 8-bit DirectClass 64.3KB 0.000u 0:00.010
wa.png=>trimmed/wa.png PNG 570x500=>70x53 570x500+36+11 8-bit DirectClass 0.000u 0:00.000
wi.png PNG 570x500 570x500+0+0 8-bit DirectClass 62.6KB 0.000u 0:00.010
wi.png=>trimmed/wi.png PNG 570x500=>52x56 570x500+323+78 8-bit DirectClass 0.090u 0:00.010
wv.png PNG 570x500 570x500+0+0 8-bit DirectClass 60.8KB 0.010u 0:00.010
wv.png=>trimmed/wv.png PNG 570x500=>45x37 570x500+437+156 8-bit DirectClass 0.030u 0:00.010
wy.png PNG 570x500 570x500+0+0 8-bit DirectClass 63.8KB 0.010u 0:00.009
wy.png=>trimmed/wy.png PNG 570x500=>75x61 570x500+140+92 8-bit DirectClass 0.140u 0:00.019
